#
# A fatal error has been detected by the Java Runtime Environment:
#
#  EXCEPTION_ACCESS_VIOLATION (0xc0000005) at pc=0x0000000053234759, pid=1260, tid=8216
#
# JRE version: Java(TM) SE Runtime Environment (7.0_79-b15) (build 1.7.0_79-b15)
# Java VM: Java HotSpot(TM) 64-Bit Server VM (24.79-b02 mixed mode windows-amd64 compressed oops)
# Problematic frame:
# V  [jvm.dll+0x54759]
#
# Failed to write core dump. Minidumps are not enabled by default on client versions of Windows
#
# If you would like to submit a bug report, please visit:
#   http://bugreport.java.com/bugreport/crash.jsp
#

---------------  T H R E A D  ---------------

Current thread (0x0000000008c48000):  JavaThread "JDWP Transport Listener: dt_socket" daemon [_thread_in_vm, id=8216, stack(0x000000000a1c0000,0x000000000a2c0000)]

siginfo: ExceptionCode=0xc0000005, reading address 0x000000000000000c

Registers:
RAX=0x000000000000000c, RBX=0x0000000008c48000, RCX=0x0000000000000000, RDX=0x0000000000000000
RSP=0x000000000a2bf7e0, RBP=0x000000000000000c, RSI=0x0000000000000000, RDI=0x0000000000000010
R8 =0x00000000eab60e40, R9 =0x0000000000000000, R10=0x0000000000000000, R11=0x0000000000000001
R12=0x0000000000000000, R13=0x0000000008c43f18, R14=0x0000000000000000, R15=0x0000000000000000
RIP=0x0000000053234759, EFLAGS=0x0000000000010246

Top of Stack: (sp=0x000000000a2bf7e0)
0x000000000a2bf7e0:   0000000008c48000 0000000000000000
0x000000000a2bf7f0:   0000000000000000 0000000008c48000
0x000000000a2bf800:   0000000000000000 00000000532fd9c7
0x000000000a2bf810:   00000000eab60e40 000000000a2bf930
0x000000000a2bf820:   0000000008c6d830 000000000a2bf900
0x000000000a2bf830:   0000000008c48000 0000000000000000
0x000000000a2bf840:   0000000008c6d830 000000000a2bf930
0x000000000a2bf850:   0000000000000000 0000000008c43f18
0x000000000a2bf860:   0000000000000000 0000000053a27d15
0x000000000a2bf870:   000000000a2bf900 000000000a2bf930
0x000000000a2bf880:   0000000008c6d830 0000000008c481e8
0x000000000a2bf890:   0000000008cbe00a 0000000053a2f090
0x000000000a2bf8a0:   0000000008010a01 000000000a2bf9a0
0x000000000a2bf8b0:   0000000008c43b01 0000000008c43b01
0x000000000a2bf8c0:   0003036300000013 0000000008010a00
0x000000000a2bf8d0:   0000000008c607a0 00000000533b13ad 

Instructions: (pc=0x0000000053234759)
0x0000000053234739:   d2 48 8b c5 eb 18 48 8b d0 48 8b c5 48 d3 e2 48
0x0000000053234749:   03 15 61 31 6a 00 eb 06 48 8b 12 48 8b c7 48 98
0x0000000053234759:   8b 14 10 85 d2 74 2a 45 84 db 4c 63 c6 48 0f 45
0x0000000053234769:   fd 8d 47 0b 48 63 c8 48 83 e1 f8 48 c1 e9 03 8d 


Register to memory mapping:

RAX=0x000000000000000c is an unknown value
RBX=0x0000000008c48000 is a thread
RCX=0x0000000000000000 is an unknown value
RDX=0x0000000000000000 is an unknown value
RSP=0x000000000a2bf7e0 is pointing into the stack for thread: 0x0000000008c48000
RBP=0x000000000000000c is an unknown value
RSI=0x0000000000000000 is an unknown value
RDI=0x0000000000000010 is an unknown value
R8 =0x00000000eab60e40 is an oop
java.lang.String 
 - klass: 'java/lang/String'
R9 =0x0000000000000000 is an unknown value
R10=0x0000000000000000 is an unknown value
R11=0x0000000000000001 is an unknown value
R12=0x0000000000000000 is an unknown value
R13=0x0000000008c43f18 is an unknown value
R14=0x0000000000000000 is an unknown value
R15=0x0000000000000000 is an unknown value


Stack: [0x000000000a1c0000,0x000000000a2c0000],  sp=0x000000000a2bf7e0,  free space=1021k
Native frames: (J=compiled Java code, j=interpreted, Vv=VM code, C=native code)
V  [jvm.dll+0x54759]


---------------  P R O C E S S  ---------------

Java Threads: ( => current thread )
  0x0000000008c86000 JavaThread "Service Thread" daemon [_thread_blocked, id=9820, stack(0x000000000a6c0000,0x000000000a7c0000)]
  0x0000000008c6c800 JavaThread "C2 CompilerThread1" daemon [_thread_blocked, id=6692, stack(0x000000000a5c0000,0x000000000a6c0000)]
  0x0000000008c6c000 JavaThread "C2 CompilerThread0" daemon [_thread_blocked, id=9164, stack(0x000000000a4c0000,0x000000000a5c0000)]
  0x0000000008c5b800 JavaThread "JDWP Command Reader" daemon [_thread_in_native, id=8124, stack(0x000000000a3c0000,0x000000000a4c0000)]
  0x0000000008c55000 JavaThread "JDWP Event Helper Thread" daemon [_thread_blocked, id=8692, stack(0x000000000a2c0000,0x000000000a3c0000)]
=>0x0000000008c48000 JavaThread "JDWP Transport Listener: dt_socket" daemon [_thread_in_vm, id=8216, stack(0x000000000a1c0000,0x000000000a2c0000)]
  0x0000000008c44800 JavaThread "Attach Listener" daemon [_thread_blocked, id=4688, stack(0x000000000a0c0000,0x000000000a1c0000)]
  0x0000000008c41000 JavaThread "Signal Dispatcher" daemon [_thread_blocked, id=5888, stack(0x0000000009fc0000,0x000000000a0c0000)]
  0x0000000008c09800 JavaThread "Finalizer" daemon [_thread_blocked, id=3076, stack(0x0000000009ec0000,0x0000000009fc0000)]
  0x0000000008c05800 JavaThread "Reference Handler" daemon [_thread_blocked, id=8604, stack(0x0000000009dc0000,0x0000000009ec0000)]
  0x000000000183e000 JavaThread "main" [_thread_blocked, id=6460, stack(0x0000000001690000,0x0000000001790000)]

Other Threads:
  0x0000000008c01800 VMThread [stack: 0x0000000009cc0000,0x0000000009dc0000] [id=3924]
  0x0000000008c8f000 WatcherThread [stack: 0x000000000a7c0000,0x000000000a8c0000] [id=3876]

VM state:not at safepoint (normal execution)

VM Mutex/Monitor currently owned by a thread: None

Heap
 PSYoungGen      total 19456K, used 1014K [0x00000000eaa80000, 0x00000000ec000000, 0x0000000100000000)
  eden space 16896K, 6% used [0x00000000eaa80000,0x00000000eab7d800,0x00000000ebb00000)
  from space 2560K, 0% used [0x00000000ebd80000,0x00000000ebd80000,0x00000000ec000000)
  to   space 2560K, 0% used [0x00000000ebb00000,0x00000000ebb00000,0x00000000ebd80000)
 ParOldGen       total 43520K, used 0K [0x00000000c0000000, 0x00000000c2a80000, 0x00000000eaa80000)
  object space 43520K, 0% used [0x00000000c0000000,0x00000000c0000000,0x00000000c2a80000)
 PSPermGen       total 21504K, used 2662K [0x00000000bae00000, 0x00000000bc300000, 0x00000000c0000000)
  object space 21504K, 12% used [0x00000000bae00000,0x00000000bb099ba8,0x00000000bc300000)

Card table byte_map: [0x0000000001a00000,0x0000000001c30000] byte_map_base: 0x0000000001429000

Polling page: 0x00000000012a0000

Code Cache  [0x0000000003400000, 0x0000000003670000, 0x0000000006400000)
 total_blobs=176 nmethods=3 adapters=135 free_code_cache=48770Kb largest_free_block=49920704

Compilation events (6 events):
Event: 0.308 Thread 0x0000000008c6c000    1             java.lang.String::hashCode (55 bytes)
Event: 0.316 Thread 0x0000000008c6c000 nmethod 1 0x000000000345f750 code [0x000000000345f880, 0x000000000345f9f8]
Event: 0.319 Thread 0x0000000008c6c800    2             java.lang.String::charAt (29 bytes)
Event: 0.320 Thread 0x0000000008c6c000    3             java.lang.String::indexOf (70 bytes)
Event: 0.320 Thread 0x0000000008c6c800 nmethod 2 0x000000000345f450 code [0x000000000345f5a0, 0x000000000345f678]
Event: 0.322 Thread 0x0000000008c6c000 nmethod 3 0x000000000345ec10 code [0x000000000345ed60, 0x000000000345ef48]

GC Heap History (0 events):
No events

Deoptimization events (0 events):
No events

Internal exceptions (2 events):
Event: 0.050 Thread 0x000000000183e000 Threw 0x00000000eaa8f730 at C:\re\jdk7u79\2331\hotspot\src\share\vm\prims\jni.cpp:3991
Event: 0.275 Thread 0x000000000183e000 Threw 0x00000000eab2e7f0 at C:\re\jdk7u79\2331\hotspot\src\share\vm\prims\jvm.cpp:1304

Events (10 events):
Event: 2.104 Executing VM operation: GetOrSetLocal
Event: 2.104 Executing VM operation: GetOrSetLocal done
Event: 2.106 Executing VM operation: GetOrSetLocal
Event: 2.106 Executing VM operation: GetOrSetLocal done
Event: 2.112 Executing VM operation: GetOrSetLocal
Event: 2.112 Executing VM operation: GetOrSetLocal done
Event: 2.112 Executing VM operation: GetOrSetLocal
Event: 2.112 Executing VM operation: GetOrSetLocal done
Event: 2.112 Executing VM operation: GetOrSetLocal
Event: 2.112 Executing VM operation: GetOrSetLocal done


Dynamic libraries:
0x00007ff6ac640000 - 0x00007ff6ac673000 	C:\Program Files\Java\jdk1.7.0_80\bin\java.exe
0x00007ffae5850000 - 0x00007ffae5a11000 	C:\WINDOWS\SYSTEM32\ntdll.dll
0x00007ffae4380000 - 0x00007ffae442d000 	C:\WINDOWS\system32\KERNEL32.DLL
0x00007ffae2830000 - 0x00007ffae2a18000 	C:\WINDOWS\system32\KERNELBASE.dll
0x00007ffae4820000 - 0x00007ffae48c7000 	C:\WINDOWS\system32\ADVAPI32.dll
0x00007ffae56e0000 - 0x00007ffae577d000 	C:\WINDOWS\system32\msvcrt.dll
0x00007ffae46d0000 - 0x00007ffae472b000 	C:\WINDOWS\system32\sechost.dll
0x00007ffae5130000 - 0x00007ffae524c000 	C:\WINDOWS\system32\RPCRT4.dll
0x00007ffae4f40000 - 0x00007ffae5096000 	C:\WINDOWS\system32\USER32.dll
0x00007ffae4430000 - 0x00007ffae45b6000 	C:\WINDOWS\system32\GDI32.dll
0x00007ffadc990000 - 0x00007ffadcc04000 	C:\WINDOWS\WinSxS\amd64_microsoft.windows.common-controls_6595b64144ccf1df_6.0.10586.494_none_a2d8b04ea53e3145\COMCTL32.dll
0x00007ffae4bf0000 - 0x00007ffae4e6d000 	C:\WINDOWS\system32\combase.dll
0x00007ffae2550000 - 0x00007ffae25ba000 	C:\WINDOWS\system32\bcryptPrimitives.dll
0x00007ffae47e0000 - 0x00007ffae481b000 	C:\WINDOWS\system32\IMM32.DLL
0x0000000054960000 - 0x0000000054a32000 	C:\Program Files\Java\jdk1.7.0_80\jre\bin\msvcr100.dll
0x00000000531e0000 - 0x00000000539b5000 	C:\Program Files\Java\jdk1.7.0_80\jre\bin\server\jvm.dll
0x00007ffae2e10000 - 0x00007ffae2e18000 	C:\WINDOWS\system32\PSAPI.DLL
0x00007ffad7ce0000 - 0x00007ffad7ce9000 	C:\WINDOWS\SYSTEM32\WSOCK32.dll
0x00007ffae57e0000 - 0x00007ffae584b000 	C:\WINDOWS\system32\WS2_32.dll
0x00007ffae0040000 - 0x00007ffae0063000 	C:\WINDOWS\SYSTEM32\WINMM.dll
0x00007ffadffe0000 - 0x00007ffae000c000 	C:\WINDOWS\SYSTEM32\WINMMBASE.dll
0x00007ffae26a0000 - 0x00007ffae26e3000 	C:\WINDOWS\system32\cfgmgr32.dll
0x00000000531d0000 - 0x00000000531df000 	C:\Program Files\Java\jdk1.7.0_80\jre\bin\verify.dll
0x00000000531a0000 - 0x00000000531c8000 	C:\Program Files\Java\jdk1.7.0_80\jre\bin\java.dll
0x0000000053a20000 - 0x0000000053a55000 	C:\Program Files\Java\jdk1.7.0_80\jre\bin\jdwp.dll
0x0000000054950000 - 0x0000000054958000 	C:\Program Files\Java\jdk1.7.0_80\jre\bin\npt.dll
0x0000000053180000 - 0x0000000053195000 	C:\Program Files\Java\jdk1.7.0_80\jre\bin\zip.dll
0x0000000054940000 - 0x0000000054949000 	C:\Program Files\Java\jdk1.7.0_80\jre\bin\dt_socket.dll
0x00007ffae1740000 - 0x00007ffae179c000 	C:\WINDOWS\system32\mswsock.dll
0x00007ffabda70000 - 0x00007ffabdbfc000 	C:\WINDOWS\SYSTEM32\dbghelp.dll

VM Arguments:
jvm_args: -agentlib:jdwp=transport=dt_socket,address=127.0.0.1:52854,suspend=y,server=n -Dfile.encoding=UTF-8 
java_command: Convert
Launcher Type: SUN_STANDARD

Environment Variables:
PATH=C:\Program Files (x86)\Programms\Borland\Delphi7\Bin;C:\Program Files (x86)\Programms\Borland\Delphi7\Projects\Bpl\;C:\ProgramData\Oracle\Java\javapath;C:\Windows\system32;C:\Windows;C:\Windows\System32\Wbem;C:\Windows\System32\WindowsPowerShell\v1.0\;C:\Program Files (x86)\Common Files\Acronis\SnapAPI\;C:\WINDOWS\system32;C:\WINDOWS;C:\WINDOWS\System32\Wbem;C:\WINDOWS\System32\WindowsPowerShell\v1.0\;C:\Program Files (x86)\NVIDIA Corporation\PhysX\Common
USERNAME=user
OS=Windows_NT
PROCESSOR_IDENTIFIER=Intel64 Family 6 Model 23 Stepping 7, GenuineIntel



---------------  S Y S T E M  ---------------

OS: Windows 8.1 , 64 bit Build 9600 

CPU:total 4 (4 cores per cpu, 1 threads per core) family 6 model 23 stepping 7, cmov, cx8, fxsr, mmx, sse, sse2, sse3, ssse3, sse4.1, tsc

Memory: 4k page, physical 4193460k(780952k free), swap 8387764k(2056068k free)

vm_info: Java HotSpot(TM) 64-Bit Server VM (24.79-b02) for windows-amd64 JRE (1.7.0_79-b15), built on Apr 10 2015 12:36:16 by "java_re" with unknown MS VC++:1600

time: Fri Aug 12 03:25:04 2016
elapsed time: 2 seconds

